Ferment 6 need cooling. 
Ferment 6 is good. 
Ferment 6 is good. 
Ferment 6 is good. 
Ferment 6 need heating. 
Ferment 6 need cooling. 
Ferment 6 need cooling. 
Ferment 6 is good. 
Ferment 6 is good. 
Ferment 6 is good. 
Ferment 6 change stage 1 to stage 2 
Ferment 6 need cooling. 
Ferment 6 is good. 
Ferment 6 is good. 
Ferment 6 need heating. 
Ferment 6 is good. 
Ferment 6 need heating. 
Ferment 6 is good. 
Ferment 6 need heating. 
Ferment 6 is good. 
Ferment 6 is good. 
Ferment 6 is good. 
Ferment 6 is good. 
Ferment 6 is good. 
Ferment 6 is good. 
Ferment 6 change stage 2 to stage 3 
Ferment 6 is good. 
Ferment 6 need cooling. 
Ferment 6 need heating. 
Ferment 6 need cooling. 
Ferment 6 need heating. 
Ferment 6 need cooling. 
Ferment 6 need heating. 
Ferment 6 is good. 
Cooling. 
Ferment 6 is good. 
Ferment 6 is good. 
Ferment 6 is good. 
Heating. 
Cooling. 
Cooling. 
Ferment 6 is good. 
Ferment 6 is good. 
Ferment 6 is good. 
Ferment 6 is good. 
Heating. 
Ferment 6 is good. 
Heating. 
Ferment 6 is good. 
Ferment 6 is good. 
Ferment 6 is good. 
Ferment 6 is good. 
Ferment 6 is good. 
Ferment 6 is good. 
Cooling. 
Cooling. 
Ferment 6 is good. 
Ferment 6 is good. 
Ferment 6 is good. 
Cooling
Ferment 6 is good. 
Ferment 6 is good. 
Ferment 6 is good. 
Heating
Cooling
Cooling
Ferment 6 is good. 
Ferment 6 is good. 
Ferment 6 is good. 
Heating
Cooling
Ferment 6 is good. 
Ferment 6 is good. 
Ferment 6 is good. 
Heating
Cooling
Cooling
Ferment 6 is good. 
Ferment 6 is good. 
Ferment 6 is good. 
